..\..\..\Debug\facet\facet.ilk
..\..\..\Debug\facet\facet.pdb
E:\DEV\OPEN-GEOMORPHOMETRY-PROJECT-NEW\DEBUG\FACET\FACET.EXE
E:\DEV\OPEN-GEOMORPHOMETRY-PROJECT-NEW\DEBUG\FACET\FACET.ILK
E:\DEV\OPEN-GEOMORPHOMETRY-PROJECT-NEW\DEBUG\FACET\FACET.PDB
E:\DEV\OPEN-GEOMORPHOMETRY-PROJECT-NEW\DEBUG\FACET\VC100.PCH
E:\dev\open-geomorphometry-project-new\files\facet\vsprojfiles\..\..\..\Debug\facet\facet.exe
E:\dev\open-geomorphometry-project-new\files\facet\vsprojfiles\Debug\cl.command.1.tlog
E:\dev\open-geomorphometry-project-new\files\facet\vsprojfiles\Debug\CL.read.1.tlog
E:\dev\open-geomorphometry-project-new\files\facet\vsprojfiles\Debug\CL.write.1.tlog
E:\DEV\OPEN-GEOMORPHOMETRY-PROJECT-NEW\FILES\FACET\VSPROJFILES\DEBUG\DBFFILE.OBJ
E:\DEV\OPEN-GEOMORPHOMETRY-PROJECT-NEW\FILES\FACET\VSPROJFILES\DEBUG\DBFSTRUCTURE.OBJ
E:\DEV\OPEN-GEOMORPHOMETRY-PROJECT-NEW\FILES\FACET\VSPROJFILES\DEBUG\FACET.EXE.EMBED.MANIFEST
E:\DEV\OPEN-GEOMORPHOMETRY-PROJECT-NEW\FILES\FACET\VSPROJFILES\DEBUG\FACET.EXE.EMBED.MANIFEST.RES
E:\DEV\OPEN-GEOMORPHOMETRY-PROJECT-NEW\FILES\FACET\VSPROJFILES\DEBUG\FACET.EXE.INTERMEDIATE.MANIFEST
E:\DEV\OPEN-GEOMORPHOMETRY-PROJECT-NEW\FILES\FACET\VSPROJFILES\DEBUG\FACET.OBJ
E:\DEV\OPEN-GEOMORPHOMETRY-PROJECT-NEW\FILES\FACET\VSPROJFILES\DEBUG\FACET.RES
E:\dev\open-geomorphometry-project-new\files\facet\vsprojfiles\Debug\facet_manifest.rc
E:\DEV\OPEN-GEOMORPHOMETRY-PROJECT-NEW\FILES\FACET\VSPROJFILES\DEBUG\FACETDLG.OBJ
E:\DEV\OPEN-GEOMORPHOMETRY-PROJECT-NEW\FILES\FACET\VSPROJFILES\DEBUG\FACETPROCESS.OBJ
E:\dev\open-geomorphometry-project-new\files\facet\vsprojfiles\Debug\link.command.1.tlog
E:\dev\open-geomorphometry-project-new\files\facet\vsprojfiles\Debug\link.read.1.tlog
E:\dev\open-geomorphometry-project-new\files\facet\vsprojfiles\Debug\link.write.1.tlog
E:\dev\open-geomorphometry-project-new\files\facet\vsprojfiles\Debug\link-cvtres.read.1.tlog
E:\dev\open-geomorphometry-project-new\files\facet\vsprojfiles\Debug\link-cvtres.write.1.tlog
E:\dev\open-geomorphometry-project-new\files\facet\vsprojfiles\Debug\mt.command.1.tlog
E:\dev\open-geomorphometry-project-new\files\facet\vsprojfiles\Debug\mt.read.1.tlog
E:\dev\open-geomorphometry-project-new\files\facet\vsprojfiles\Debug\mt.write.1.tlog
E:\dev\open-geomorphometry-project-new\files\facet\vsprojfiles\Debug\rc.command.1.tlog
E:\dev\open-geomorphometry-project-new\files\facet\vsprojfiles\Debug\rc.read.1.tlog
E:\dev\open-geomorphometry-project-new\files\facet\vsprojfiles\Debug\rc.write.1.tlog
E:\DEV\OPEN-GEOMORPHOMETRY-PROJECT-NEW\FILES\FACET\VSPROJFILES\DEBUG\SORT.OBJ
E:\DEV\OPEN-GEOMORPHOMETRY-PROJECT-NEW\FILES\FACET\VSPROJFILES\DEBUG\STDAFX.OBJ
E:\dev\open-geomorphometry-project-new\files\facet\vsprojfiles\Debug\vc100.idb
E:\DEV\OPEN-GEOMORPHOMETRY-PROJECT-NEW\FILES\FACET\VSPROJFILES\DEBUG\VC100.PDB
