..\..\..\Debug\grid\grid.ilk
..\..\..\Debug\grid\grid.pdb
E:\DEV\OPEN-GEOMORPHOMETRY-PROJECT-NEW\DEBUG\GRID\GRID.EXE
E:\DEV\OPEN-GEOMORPHOMETRY-PROJECT-NEW\DEBUG\GRID\GRID.ILK
E:\DEV\OPEN-GEOMORPHOMETRY-PROJECT-NEW\DEBUG\GRID\GRID.PDB
E:\DEV\OPEN-GEOMORPHOMETRY-PROJECT-NEW\DEBUG\GRID\VC100.PCH
E:\dev\open-geomorphometry-project-new\files\grid\vsprojfiles\..\..\..\Debug\grid\grid.exe
E:\dev\open-geomorphometry-project-new\files\grid\vsprojfiles\Debug\cl.command.1.tlog
E:\dev\open-geomorphometry-project-new\files\grid\vsprojfiles\Debug\CL.read.1.tlog
E:\dev\open-geomorphometry-project-new\files\grid\vsprojfiles\Debug\CL.write.1.tlog
E:\DEV\OPEN-GEOMORPHOMETRY-PROJECT-NEW\FILES\GRID\VSPROJFILES\DEBUG\DBFFILE.OBJ
E:\DEV\OPEN-GEOMORPHOMETRY-PROJECT-NEW\FILES\GRID\VSPROJFILES\DEBUG\GRID.EXE.INTERMEDIATE.MANIFEST
E:\DEV\OPEN-GEOMORPHOMETRY-PROJECT-NEW\FILES\GRID\VSPROJFILES\DEBUG\GRIDREADWRITEUTILITY.OBJ
E:\DEV\OPEN-GEOMORPHOMETRY-PROJECT-NEW\FILES\GRID\VSPROJFILES\DEBUG\GRIDREADWRITEUTILITY.RES
E:\DEV\OPEN-GEOMORPHOMETRY-PROJECT-NEW\FILES\GRID\VSPROJFILES\DEBUG\GRIDREADWRITEUTILITYDLG.OBJ
E:\dev\open-geomorphometry-project-new\files\grid\vsprojfiles\Debug\link.command.1.tlog
E:\dev\open-geomorphometry-project-new\files\grid\vsprojfiles\Debug\link.read.1.tlog
E:\dev\open-geomorphometry-project-new\files\grid\vsprojfiles\Debug\link.write.1.tlog
E:\dev\open-geomorphometry-project-new\files\grid\vsprojfiles\Debug\link-cvtres.read.1.tlog
E:\dev\open-geomorphometry-project-new\files\grid\vsprojfiles\Debug\link-cvtres.write.1.tlog
E:\dev\open-geomorphometry-project-new\files\grid\vsprojfiles\Debug\mt.command.1.tlog
E:\dev\open-geomorphometry-project-new\files\grid\vsprojfiles\Debug\mt.read.1.tlog
E:\dev\open-geomorphometry-project-new\files\grid\vsprojfiles\Debug\mt.write.1.tlog
E:\dev\open-geomorphometry-project-new\files\grid\vsprojfiles\Debug\rc.command.1.tlog
E:\dev\open-geomorphometry-project-new\files\grid\vsprojfiles\Debug\rc.read.1.tlog
E:\dev\open-geomorphometry-project-new\files\grid\vsprojfiles\Debug\rc.write.1.tlog
E:\DEV\OPEN-GEOMORPHOMETRY-PROJECT-NEW\FILES\GRID\VSPROJFILES\DEBUG\STDAFX.OBJ
E:\dev\open-geomorphometry-project-new\files\grid\vsprojfiles\Debug\vc100.idb
E:\DEV\OPEN-GEOMORPHOMETRY-PROJECT-NEW\FILES\GRID\VSPROJFILES\DEBUG\VC100.PDB
