..\..\..\Debug\flowmapr\flowmapr.ilk
..\..\..\Debug\flowmapr\flowmapr.pdb
E:\DEV\OPEN-GEOMORPHOMETRY-PROJECT-NEW\DEBUG\FLOWMAPR\FLOWMAPR.EXE
E:\DEV\OPEN-GEOMORPHOMETRY-PROJECT-NEW\DEBUG\FLOWMAPR\FLOWMAPR.ILK
E:\DEV\OPEN-GEOMORPHOMETRY-PROJECT-NEW\DEBUG\FLOWMAPR\FLOWMAPR.PDB
E:\DEV\OPEN-GEOMORPHOMETRY-PROJECT-NEW\DEBUG\FLOWMAPR\VC100.PCH
E:\dev\open-geomorphometry-project-new\files\flowmapr\vsprojfiles\..\..\..\Debug\flowmapr\flowmapr.exe
E:\dev\open-geomorphometry-project-new\files\flowmapr\vsprojfiles\Debug\cl.command.1.tlog
E:\dev\open-geomorphometry-project-new\files\flowmapr\vsprojfiles\Debug\CL.read.1.tlog
E:\dev\open-geomorphometry-project-new\files\flowmapr\vsprojfiles\Debug\CL.write.1.tlog
E:\DEV\OPEN-GEOMORPHOMETRY-PROJECT-NEW\FILES\FLOWMAPR\VSPROJFILES\DEBUG\DBFFILE.OBJ
E:\DEV\OPEN-GEOMORPHOMETRY-PROJECT-NEW\FILES\FLOWMAPR\VSPROJFILES\DEBUG\DEMPROCESS.OBJ
E:\DEV\OPEN-GEOMORPHOMETRY-PROJECT-NEW\FILES\FLOWMAPR\VSPROJFILES\DEBUG\FLOWMAPR.EXE.INTERMEDIATE.MANIFEST
E:\DEV\OPEN-GEOMORPHOMETRY-PROJECT-NEW\FILES\FLOWMAPR\VSPROJFILES\DEBUG\LANDMAP.OBJ
E:\DEV\OPEN-GEOMORPHOMETRY-PROJECT-NEW\FILES\FLOWMAPR\VSPROJFILES\DEBUG\LANDMAP.RES
E:\DEV\OPEN-GEOMORPHOMETRY-PROJECT-NEW\FILES\FLOWMAPR\VSPROJFILES\DEBUG\LANDMAPDLG.OBJ
E:\dev\open-geomorphometry-project-new\files\flowmapr\vsprojfiles\Debug\link.command.1.tlog
E:\dev\open-geomorphometry-project-new\files\flowmapr\vsprojfiles\Debug\link.read.1.tlog
E:\dev\open-geomorphometry-project-new\files\flowmapr\vsprojfiles\Debug\link.write.1.tlog
E:\dev\open-geomorphometry-project-new\files\flowmapr\vsprojfiles\Debug\link-cvtres.read.1.tlog
E:\dev\open-geomorphometry-project-new\files\flowmapr\vsprojfiles\Debug\link-cvtres.write.1.tlog
E:\dev\open-geomorphometry-project-new\files\flowmapr\vsprojfiles\Debug\mt.command.1.tlog
E:\dev\open-geomorphometry-project-new\files\flowmapr\vsprojfiles\Debug\mt.read.1.tlog
E:\dev\open-geomorphometry-project-new\files\flowmapr\vsprojfiles\Debug\mt.write.1.tlog
E:\DEV\OPEN-GEOMORPHOMETRY-PROJECT-NEW\FILES\FLOWMAPR\VSPROJFILES\DEBUG\PROGRESSBARDIALOG.OBJ
E:\dev\open-geomorphometry-project-new\files\flowmapr\vsprojfiles\Debug\rc.command.1.tlog
E:\dev\open-geomorphometry-project-new\files\flowmapr\vsprojfiles\Debug\rc.read.1.tlog
E:\dev\open-geomorphometry-project-new\files\flowmapr\vsprojfiles\Debug\rc.write.1.tlog
E:\DEV\OPEN-GEOMORPHOMETRY-PROJECT-NEW\FILES\FLOWMAPR\VSPROJFILES\DEBUG\SORT.OBJ
E:\DEV\OPEN-GEOMORPHOMETRY-PROJECT-NEW\FILES\FLOWMAPR\VSPROJFILES\DEBUG\SORTD.OBJ
E:\DEV\OPEN-GEOMORPHOMETRY-PROJECT-NEW\FILES\FLOWMAPR\VSPROJFILES\DEBUG\STDAFX.OBJ
E:\DEV\OPEN-GEOMORPHOMETRY-PROJECT-NEW\FILES\FLOWMAPR\VSPROJFILES\DEBUG\STRARRAY.OBJ
E:\dev\open-geomorphometry-project-new\files\flowmapr\vsprojfiles\Debug\vc100.idb
E:\DEV\OPEN-GEOMORPHOMETRY-PROJECT-NEW\FILES\FLOWMAPR\VSPROJFILES\DEBUG\VC100.PDB
E:\DEV\OPEN-GEOMORPHOMETRY-PROJECT-NEW\FILES\FLOWMAPR\VSPROJFILES\DEBUG\VOLDFILE.OBJ
