..\..\..\Debug\form\form.ilk
..\..\..\Debug\form\form.pdb
E:\DEV\OPEN-GEOMORPHOMETRY-PROJECT-NEW\DEBUG\FORM\FORM.EXE
E:\DEV\OPEN-GEOMORPHOMETRY-PROJECT-NEW\DEBUG\FORM\FORM.ILK
E:\DEV\OPEN-GEOMORPHOMETRY-PROJECT-NEW\DEBUG\FORM\FORM.PDB
E:\dev\open-geomorphometry-project-new\files\form\vsprojfiles\..\..\..\Debug\form\form.exe
E:\dev\open-geomorphometry-project-new\files\form\vsprojfiles\Debug\cl.command.1.tlog
E:\dev\open-geomorphometry-project-new\files\form\vsprojfiles\Debug\CL.read.1.tlog
E:\dev\open-geomorphometry-project-new\files\form\vsprojfiles\Debug\CL.write.1.tlog
E:\DEV\OPEN-GEOMORPHOMETRY-PROJECT-NEW\FILES\FORM\VSPROJFILES\DEBUG\DBFFILE.OBJ
E:\DEV\OPEN-GEOMORPHOMETRY-PROJECT-NEW\FILES\FORM\VSPROJFILES\DEBUG\FORM.EXE.INTERMEDIATE.MANIFEST
E:\DEV\OPEN-GEOMORPHOMETRY-PROJECT-NEW\FILES\FORM\VSPROJFILES\DEBUG\FORM.OBJ
E:\DEV\OPEN-GEOMORPHOMETRY-PROJECT-NEW\FILES\FORM\VSPROJFILES\DEBUG\FORM.RES
E:\DEV\OPEN-GEOMORPHOMETRY-PROJECT-NEW\FILES\FORM\VSPROJFILES\DEBUG\FORMDLG.OBJ
E:\DEV\OPEN-GEOMORPHOMETRY-PROJECT-NEW\FILES\FORM\VSPROJFILES\DEBUG\FORMPROCESS.OBJ
E:\dev\open-geomorphometry-project-new\files\form\vsprojfiles\Debug\link.command.1.tlog
E:\dev\open-geomorphometry-project-new\files\form\vsprojfiles\Debug\link.read.1.tlog
E:\dev\open-geomorphometry-project-new\files\form\vsprojfiles\Debug\link.write.1.tlog
E:\dev\open-geomorphometry-project-new\files\form\vsprojfiles\Debug\link-cvtres.read.1.tlog
E:\dev\open-geomorphometry-project-new\files\form\vsprojfiles\Debug\link-cvtres.write.1.tlog
E:\dev\open-geomorphometry-project-new\files\form\vsprojfiles\Debug\mt.command.1.tlog
E:\dev\open-geomorphometry-project-new\files\form\vsprojfiles\Debug\mt.read.1.tlog
E:\dev\open-geomorphometry-project-new\files\form\vsprojfiles\Debug\mt.write.1.tlog
E:\dev\open-geomorphometry-project-new\files\form\vsprojfiles\Debug\rc.command.1.tlog
E:\dev\open-geomorphometry-project-new\files\form\vsprojfiles\Debug\rc.read.1.tlog
E:\dev\open-geomorphometry-project-new\files\form\vsprojfiles\Debug\rc.write.1.tlog
E:\DEV\OPEN-GEOMORPHOMETRY-PROJECT-NEW\FILES\FORM\VSPROJFILES\DEBUG\SORT.OBJ
E:\DEV\OPEN-GEOMORPHOMETRY-PROJECT-NEW\FILES\FORM\VSPROJFILES\DEBUG\STDAFX.OBJ
E:\dev\open-geomorphometry-project-new\files\form\vsprojfiles\Debug\vc100.idb
E:\DEV\OPEN-GEOMORPHOMETRY-PROJECT-NEW\FILES\FORM\VSPROJFILES\DEBUG\VC100.PDB
