..\..\..\Debug\weppmapr\weppmapr.ilk
..\..\..\Debug\weppmapr\weppmapr.pdb
E:\DEV\OPEN-GEOMORPHOMETRY-PROJECT-NEW\DEBUG\WEPPMAPR\VC100.PCH
E:\DEV\OPEN-GEOMORPHOMETRY-PROJECT-NEW\DEBUG\WEPPMAPR\WEPPMAPR.EXE
E:\DEV\OPEN-GEOMORPHOMETRY-PROJECT-NEW\DEBUG\WEPPMAPR\WEPPMAPR.ILK
E:\DEV\OPEN-GEOMORPHOMETRY-PROJECT-NEW\DEBUG\WEPPMAPR\WEPPMAPR.PDB
E:\dev\open-geomorphometry-project-new\files\weppmapr\vsprojfiles\..\..\..\Debug\weppmapr\weppmapr.exe
E:\dev\open-geomorphometry-project-new\files\weppmapr\vsprojfiles\Debug\cl.command.1.tlog
E:\dev\open-geomorphometry-project-new\files\weppmapr\vsprojfiles\Debug\CL.read.1.tlog
E:\dev\open-geomorphometry-project-new\files\weppmapr\vsprojfiles\Debug\CL.write.1.tlog
E:\DEV\OPEN-GEOMORPHOMETRY-PROJECT-NEW\FILES\WEPPMAPR\VSPROJFILES\DEBUG\DBFFILE.OBJ
E:\dev\open-geomorphometry-project-new\files\weppmapr\vsprojfiles\Debug\link.command.1.tlog
E:\dev\open-geomorphometry-project-new\files\weppmapr\vsprojfiles\Debug\link.read.1.tlog
E:\dev\open-geomorphometry-project-new\files\weppmapr\vsprojfiles\Debug\link.write.1.tlog
E:\dev\open-geomorphometry-project-new\files\weppmapr\vsprojfiles\Debug\link-cvtres.read.1.tlog
E:\dev\open-geomorphometry-project-new\files\weppmapr\vsprojfiles\Debug\link-cvtres.write.1.tlog
E:\dev\open-geomorphometry-project-new\files\weppmapr\vsprojfiles\Debug\mt.command.1.tlog
E:\dev\open-geomorphometry-project-new\files\weppmapr\vsprojfiles\Debug\mt.read.1.tlog
E:\dev\open-geomorphometry-project-new\files\weppmapr\vsprojfiles\Debug\mt.write.1.tlog
E:\dev\open-geomorphometry-project-new\files\weppmapr\vsprojfiles\Debug\rc.command.1.tlog
E:\dev\open-geomorphometry-project-new\files\weppmapr\vsprojfiles\Debug\rc.read.1.tlog
E:\dev\open-geomorphometry-project-new\files\weppmapr\vsprojfiles\Debug\rc.write.1.tlog
E:\DEV\OPEN-GEOMORPHOMETRY-PROJECT-NEW\FILES\WEPPMAPR\VSPROJFILES\DEBUG\SORT.OBJ
E:\DEV\OPEN-GEOMORPHOMETRY-PROJECT-NEW\FILES\WEPPMAPR\VSPROJFILES\DEBUG\STDAFX.OBJ
E:\dev\open-geomorphometry-project-new\files\weppmapr\vsprojfiles\Debug\vc100.idb
E:\DEV\OPEN-GEOMORPHOMETRY-PROJECT-NEW\FILES\WEPPMAPR\VSPROJFILES\DEBUG\VC100.PDB
E:\DEV\OPEN-GEOMORPHOMETRY-PROJECT-NEW\FILES\WEPPMAPR\VSPROJFILES\DEBUG\WEPPMAPR.EXE.INTERMEDIATE.MANIFEST
E:\DEV\OPEN-GEOMORPHOMETRY-PROJECT-NEW\FILES\WEPPMAPR\VSPROJFILES\DEBUG\WEPPMAPR.OBJ
E:\DEV\OPEN-GEOMORPHOMETRY-PROJECT-NEW\FILES\WEPPMAPR\VSPROJFILES\DEBUG\WEPPMAPR.RES
E:\DEV\OPEN-GEOMORPHOMETRY-PROJECT-NEW\FILES\WEPPMAPR\VSPROJFILES\DEBUG\WEPPMAPRDLG.OBJ
E:\DEV\OPEN-GEOMORPHOMETRY-PROJECT-NEW\FILES\WEPPMAPR\VSPROJFILES\DEBUG\WEPPPROCESS.OBJ
